{"level":"INFO","message":"Starting execution","script":"scripts/login.js","time":"2026-04-14 17:44:47"}
{"level":"INFO","message":"         /\\      Grafana   /‾‾/  ","script":"scripts/login.js","time":"2026-04-14 17:44:47"}
{"level":"INFO","message":"    /\\  /  \\     |\\  __   /  /   ","script":"scripts/login.js","time":"2026-04-14 17:44:47"}
{"level":"INFO","message":"   /  \\/    \\    | |/ /  /   ‾‾\\ ","script":"scripts/login.js","time":"2026-04-14 17:44:47"}
{"level":"INFO","message":"  /          \\   |   (  |  (‾)  |","script":"scripts/login.js","time":"2026-04-14 17:44:47"}
{"level":"INFO","message":" / __________ \\  |_|\\_\\  \\_____/ ","script":"scripts/login.js","time":"2026-04-14 17:44:47"}
{"level":"ERROR","message":"time=\"2026-04-14T17:44:47Z\" level=warning msg=\"Error from API server\" error=\"listen tcp 127.0.0.1:6565: bind: address already in use\"","script":"scripts/login.js","time":"2026-04-14 17:44:47"}
{"level":"INFO","message":"     execution: local","script":"scripts/login.js","time":"2026-04-14 17:44:47"}
{"level":"INFO","message":"        script: -","script":"scripts/login.js","time":"2026-04-14 17:44:47"}
{"level":"INFO","message":"        output: Prometheus remote write (http://prometheus:9090/api/v1/write), TimescaleDB (postgres://timescaledb:5432)","script":"scripts/login.js","time":"2026-04-14 17:44:47"}
{"level":"INFO","message":"     scenarios: (100.00%) 1 scenario, 10 max VUs, 40s max duration (incl. graceful stop):","script":"scripts/login.js","time":"2026-04-14 17:44:47"}
{"level":"INFO","message":"              * default: 10 looping VUs for 10s (gracefulStop: 30s)","script":"scripts/login.js","time":"2026-04-14 17:44:47"}
{"level":"INFO","message":"running (01.0s), 10/10 VUs, 0 complete and 0 interrupted iterations","script":"scripts/login.js","time":"2026-04-14 17:44:48"}
{"level":"INFO","message":"default   [  10% ] 10 VUs  01.0s/10s","script":"scripts/login.js","time":"2026-04-14 17:44:48"}
{"level":"INFO","message":"running (02.0s), 10/10 VUs, 0 complete and 0 interrupted iterations","script":"scripts/login.js","time":"2026-04-14 17:44:49"}
{"level":"INFO","message":"default   [  20% ] 10 VUs  02.0s/10s","script":"scripts/login.js","time":"2026-04-14 17:44:49"}
{"level":"INFO","message":"running (03.0s), 10/10 VUs, 7 complete and 0 interrupted iterations","script":"scripts/login.js","time":"2026-04-14 17:44:50"}
{"level":"INFO","message":"default   [  30% ] 10 VUs  03.0s/10s","script":"scripts/login.js","time":"2026-04-14 17:44:50"}
{"level":"INFO","message":"running (04.0s), 10/10 VUs, 17 complete and 0 interrupted iterations","script":"scripts/login.js","time":"2026-04-14 17:44:51"}
{"level":"INFO","message":"default   [  40% ] 10 VUs  04.0s/10s","script":"scripts/login.js","time":"2026-04-14 17:44:51"}
{"level":"INFO","message":"running (05.0s), 10/10 VUs, 23 complete and 0 interrupted iterations","script":"scripts/login.js","time":"2026-04-14 17:44:52"}
{"level":"INFO","message":"default   [  50% ] 10 VUs  05.0s/10s","script":"scripts/login.js","time":"2026-04-14 17:44:52"}
{"level":"INFO","message":"running (06.0s), 10/10 VUs, 31 complete and 0 interrupted iterations","script":"scripts/login.js","time":"2026-04-14 17:44:53"}
{"level":"INFO","message":"default   [  60% ] 10 VUs  06.0s/10s","script":"scripts/login.js","time":"2026-04-14 17:44:53"}
{"level":"INFO","message":"running (07.0s), 10/10 VUs, 37 complete and 0 interrupted iterations","script":"scripts/login.js","time":"2026-04-14 17:44:54"}
{"level":"INFO","message":"default   [  70% ] 10 VUs  07.0s/10s","script":"scripts/login.js","time":"2026-04-14 17:44:54"}
{"level":"INFO","message":"running (08.0s), 10/10 VUs, 45 complete and 0 interrupted iterations","script":"scripts/login.js","time":"2026-04-14 17:44:55"}
{"level":"INFO","message":"default   [  80% ] 10 VUs  08.0s/10s","script":"scripts/login.js","time":"2026-04-14 17:44:55"}
{"level":"INFO","message":"running (09.0s), 10/10 VUs, 53 complete and 0 interrupted iterations","script":"scripts/login.js","time":"2026-04-14 17:44:56"}
{"level":"INFO","message":"default   [  90% ] 10 VUs  09.0s/10s","script":"scripts/login.js","time":"2026-04-14 17:44:56"}
{"level":"INFO","message":"running (10.0s), 10/10 VUs, 58 complete and 0 interrupted iterations","script":"scripts/login.js","time":"2026-04-14 17:44:57"}
{"level":"INFO","message":"default   [ 100% ] 10 VUs  10.0s/10s","script":"scripts/login.js","time":"2026-04-14 17:44:57"}
{"level":"INFO","message":"running (11.0s), 01/10 VUs, 67 complete and 0 interrupted iterations","script":"scripts/login.js","time":"2026-04-14 17:44:58"}
{"level":"INFO","message":"default ↓ [ 100% ] 10 VUs  10s","script":"scripts/login.js","time":"2026-04-14 17:44:58"}
{"level":"INFO","message":"  █ TOTAL RESULTS ","script":"scripts/login.js","time":"2026-04-14 17:44:58"}
{"level":"INFO","message":"    checks_total.......: 68      6.085001/s","script":"scripts/login.js","time":"2026-04-14 17:44:58"}
{"level":"INFO","message":"    checks_succeeded...: 100.00% 68 out of 68","script":"scripts/login.js","time":"2026-04-14 17:44:58"}
{"level":"INFO","message":"    checks_failed......: 0.00%   0 out of 68","script":"scripts/login.js","time":"2026-04-14 17:44:58"}
{"level":"INFO","message":"    ✓ status is 200","script":"scripts/login.js","time":"2026-04-14 17:44:58"}
{"level":"INFO","message":"    HTTP","script":"scripts/login.js","time":"2026-04-14 17:44:58"}
{"level":"INFO","message":"    http_req_duration..............: avg=392.23ms min=215.78ms med=271.28ms max=1.41s p(90)=733.83ms p(95)=837.31ms","script":"scripts/login.js","time":"2026-04-14 17:44:58"}
{"level":"INFO","message":"      { expected_response:true }...: avg=392.23ms min=215.78ms med=271.28ms max=1.41s p(90)=733.83ms p(95)=837.31ms","script":"scripts/login.js","time":"2026-04-14 17:44:58"}
{"level":"INFO","message":"    http_req_failed................: 0.00% 0 out of 68","script":"scripts/login.js","time":"2026-04-14 17:44:58"}
{"level":"INFO","message":"    http_reqs......................: 68    6.085001/s","script":"scripts/login.js","time":"2026-04-14 17:44:58"}
{"level":"INFO","message":"    EXECUTION","script":"scripts/login.js","time":"2026-04-14 17:44:58"}
{"level":"INFO","message":"    iteration_duration.............: avg=1.55s    min=1.21s    med=1.27s    max=3.23s p(90)=2.19s    p(95)=2.55s   ","script":"scripts/login.js","time":"2026-04-14 17:44:58"}
{"level":"INFO","message":"    iterations.....................: 68    6.085001/s","script":"scripts/login.js","time":"2026-04-14 17:44:58"}
{"level":"INFO","message":"    vus............................: 1     min=1       max=10","script":"scripts/login.js","time":"2026-04-14 17:44:58"}
{"level":"INFO","message":"    vus_max........................: 10    min=10      max=10","script":"scripts/login.js","time":"2026-04-14 17:44:58"}
{"level":"INFO","message":"    NETWORK","script":"scripts/login.js","time":"2026-04-14 17:44:58"}
{"level":"INFO","message":"    data_received..................: 74 kB 6.6 kB/s","script":"scripts/login.js","time":"2026-04-14 17:44:58"}
{"level":"INFO","message":"    data_sent......................: 21 kB 1.9 kB/s","script":"scripts/login.js","time":"2026-04-14 17:44:58"}
{"level":"INFO","message":"running (11.2s), 00/10 VUs, 68 complete and 0 interrupted iterations","script":"scripts/login.js","time":"2026-04-14 17:44:58"}
{"level":"INFO","message":"default ✓ [ 100% ] 10 VUs  10s","script":"scripts/login.js","time":"2026-04-14 17:44:58"}
{"level":"INFO","message":"Execution completed","script":"scripts/login.js","time":"2026-04-14 17:45:00"}
{"level":"INFO","message":"Starting execution","script":"scripts/login.js","time":"2026-04-14 17:58:07"}
{"level":"INFO","message":"         /\\      Grafana   /‾‾/  ","script":"scripts/login.js","time":"2026-04-14 17:58:07"}
{"level":"INFO","message":"    /\\  /  \\     |\\  __   /  /   ","script":"scripts/login.js","time":"2026-04-14 17:58:07"}
{"level":"INFO","message":"   /  \\/    \\    | |/ /  /   ‾‾\\ ","script":"scripts/login.js","time":"2026-04-14 17:58:07"}
{"level":"INFO","message":"  /          \\   |   (  |  (‾)  |","script":"scripts/login.js","time":"2026-04-14 17:58:07"}
{"level":"INFO","message":" / __________ \\  |_|\\_\\  \\_____/ ","script":"scripts/login.js","time":"2026-04-14 17:58:07"}
{"level":"INFO","message":"     execution: local","script":"scripts/login.js","time":"2026-04-14 17:58:07"}
{"level":"INFO","message":"        script: -","script":"scripts/login.js","time":"2026-04-14 17:58:07"}
{"level":"INFO","message":"        output: Prometheus remote write (http://prometheus:9090/api/v1/write), TimescaleDB (postgres://timescaledb:5432)","script":"scripts/login.js","time":"2026-04-14 17:58:07"}
{"level":"INFO","message":"     scenarios: (100.00%) 1 scenario, 10 max VUs, 40s max duration (incl. graceful stop):","script":"scripts/login.js","time":"2026-04-14 17:58:07"}
{"level":"INFO","message":"              * default: 10 looping VUs for 10s (gracefulStop: 30s)","script":"scripts/login.js","time":"2026-04-14 17:58:07"}
{"level":"INFO","message":"running (01.0s), 10/10 VUs, 0 complete and 0 interrupted iterations","script":"scripts/login.js","time":"2026-04-14 17:58:08"}
{"level":"INFO","message":"default   [  10% ] 10 VUs  01.0s/10s","script":"scripts/login.js","time":"2026-04-14 17:58:08"}
{"level":"INFO","message":"running (02.0s), 10/10 VUs, 1 complete and 0 interrupted iterations","script":"scripts/login.js","time":"2026-04-14 17:58:09"}
{"level":"INFO","message":"default   [  20% ] 10 VUs  02.0s/10s","script":"scripts/login.js","time":"2026-04-14 17:58:09"}
{"level":"INFO","message":"running (03.0s), 10/10 VUs, 8 complete and 0 interrupted iterations","script":"scripts/login.js","time":"2026-04-14 17:58:10"}
{"level":"INFO","message":"default   [  30% ] 10 VUs  03.0s/10s","script":"scripts/login.js","time":"2026-04-14 17:58:10"}
{"level":"INFO","message":"running (04.0s), 10/10 VUs, 16 complete and 0 interrupted iterations","script":"scripts/login.js","time":"2026-04-14 17:58:11"}
{"level":"INFO","message":"default   [  40% ] 10 VUs  04.0s/10s","script":"scripts/login.js","time":"2026-04-14 17:58:11"}
{"level":"INFO","message":"running (05.0s), 10/10 VUs, 22 complete and 0 interrupted iterations","script":"scripts/login.js","time":"2026-04-14 17:58:12"}
{"level":"INFO","message":"default   [  50% ] 10 VUs  05.0s/10s","script":"scripts/login.js","time":"2026-04-14 17:58:12"}
{"level":"ERROR","message":"time=\"2026-04-14T17:58:12Z\" level=error msg=\"Failed to send the time series data to the endpoint\" error=\"got status code: 400 instead expected a 2xx successful status code\" output=\"Prometheus remote write\"","script":"scripts/login.js","time":"2026-04-14 17:58:12"}
{"level":"INFO","message":"running (06.0s), 10/10 VUs, 29 complete and 0 interrupted iterations","script":"scripts/login.js","time":"2026-04-14 17:58:13"}
{"level":"INFO","message":"default   [  60% ] 10 VUs  06.0s/10s","script":"scripts/login.js","time":"2026-04-14 17:58:13"}
{"level":"INFO","message":"running (07.0s), 10/10 VUs, 36 complete and 0 interrupted iterations","script":"scripts/login.js","time":"2026-04-14 17:58:14"}
{"level":"INFO","message":"default   [  70% ] 10 VUs  07.0s/10s","script":"scripts/login.js","time":"2026-04-14 17:58:14"}
{"level":"INFO","message":"running (08.0s), 10/10 VUs, 44 complete and 0 interrupted iterations","script":"scripts/login.js","time":"2026-04-14 17:58:15"}
{"level":"INFO","message":"default   [  80% ] 10 VUs  08.0s/10s","script":"scripts/login.js","time":"2026-04-14 17:58:15"}
{"level":"INFO","message":"running (09.0s), 10/10 VUs, 49 complete and 0 interrupted iterations","script":"scripts/login.js","time":"2026-04-14 17:58:16"}
{"level":"INFO","message":"default   [  90% ] 10 VUs  09.0s/10s","script":"scripts/login.js","time":"2026-04-14 17:58:16"}
{"level":"INFO","message":"running (10.0s), 10/10 VUs, 55 complete and 0 interrupted iterations","script":"scripts/login.js","time":"2026-04-14 17:58:17"}
{"level":"INFO","message":"default   [ 100% ] 10 VUs  10.0s/10s","script":"scripts/login.js","time":"2026-04-14 17:58:17"}
{"level":"INFO","message":"running (11.0s), 03/10 VUs, 62 complete and 0 interrupted iterations","script":"scripts/login.js","time":"2026-04-14 17:58:18"}
{"level":"INFO","message":"default ↓ [ 100% ] 10 VUs  10s","script":"scripts/login.js","time":"2026-04-14 17:58:18"}
{"level":"INFO","message":"running (12.0s), 01/10 VUs, 64 complete and 0 interrupted iterations","script":"scripts/login.js","time":"2026-04-14 17:58:19"}
{"level":"INFO","message":"default ↓ [ 100% ] 10 VUs  10s","script":"scripts/login.js","time":"2026-04-14 17:58:19"}
{"level":"INFO","message":"running (13.0s), 01/10 VUs, 64 complete and 0 interrupted iterations","script":"scripts/login.js","time":"2026-04-14 17:58:20"}
{"level":"INFO","message":"default ↓ [ 100% ] 10 VUs  10s","script":"scripts/login.js","time":"2026-04-14 17:58:20"}
{"level":"INFO","message":"running (14.0s), 01/10 VUs, 64 complete and 0 interrupted iterations","script":"scripts/login.js","time":"2026-04-14 17:58:21"}
{"level":"INFO","message":"default ↓ [ 100% ] 10 VUs  10s","script":"scripts/login.js","time":"2026-04-14 17:58:21"}
{"level":"INFO","message":"running (15.0s), 01/10 VUs, 64 complete and 0 interrupted iterations","script":"scripts/login.js","time":"2026-04-14 17:58:22"}
{"level":"INFO","message":"default ↓ [ 100% ] 10 VUs  10s","script":"scripts/login.js","time":"2026-04-14 17:58:22"}
{"level":"INFO","message":"running (16.0s), 01/10 VUs, 64 complete and 0 interrupted iterations","script":"scripts/login.js","time":"2026-04-14 17:58:23"}
{"level":"INFO","message":"default ↓ [ 100% ] 10 VUs  10s","script":"scripts/login.js","time":"2026-04-14 17:58:23"}
{"level":"INFO","message":"running (17.0s), 01/10 VUs, 64 complete and 0 interrupted iterations","script":"scripts/login.js","time":"2026-04-14 17:58:24"}
{"level":"INFO","message":"default ↓ [ 100% ] 10 VUs  10s","script":"scripts/login.js","time":"2026-04-14 17:58:24"}
{"level":"INFO","message":"running (18.0s), 01/10 VUs, 64 complete and 0 interrupted iterations","script":"scripts/login.js","time":"2026-04-14 17:58:25"}
{"level":"INFO","message":"default ↓ [ 100% ] 10 VUs  10s","script":"scripts/login.js","time":"2026-04-14 17:58:25"}
{"level":"INFO","message":"running (19.0s), 01/10 VUs, 64 complete and 0 interrupted iterations","script":"scripts/login.js","time":"2026-04-14 17:58:26"}
{"level":"INFO","message":"default ↓ [ 100% ] 10 VUs  10s","script":"scripts/login.js","time":"2026-04-14 17:58:26"}
{"level":"INFO","message":"running (20.0s), 01/10 VUs, 64 complete and 0 interrupted iterations","script":"scripts/login.js","time":"2026-04-14 17:58:27"}
{"level":"INFO","message":"default ↓ [ 100% ] 10 VUs  10s","script":"scripts/login.js","time":"2026-04-14 17:58:27"}
{"level":"INFO","message":"running (21.0s), 01/10 VUs, 64 complete and 0 interrupted iterations","script":"scripts/login.js","time":"2026-04-14 17:58:28"}
{"level":"INFO","message":"default ↓ [ 100% ] 10 VUs  10s","script":"scripts/login.js","time":"2026-04-14 17:58:28"}
{"level":"INFO","message":"running (22.0s), 01/10 VUs, 64 complete and 0 interrupted iterations","script":"scripts/login.js","time":"2026-04-14 17:58:29"}
{"level":"INFO","message":"default ↓ [ 100% ] 10 VUs  10s","script":"scripts/login.js","time":"2026-04-14 17:58:29"}
{"level":"INFO","message":"running (23.0s), 01/10 VUs, 64 complete and 0 interrupted iterations","script":"scripts/login.js","time":"2026-04-14 17:58:30"}
{"level":"INFO","message":"default ↓ [ 100% ] 10 VUs  10s","script":"scripts/login.js","time":"2026-04-14 17:58:30"}
{"level":"INFO","message":"running (24.0s), 01/10 VUs, 64 complete and 0 interrupted iterations","script":"scripts/login.js","time":"2026-04-14 17:58:31"}
{"level":"INFO","message":"default ↓ [ 100% ] 10 VUs  10s","script":"scripts/login.js","time":"2026-04-14 17:58:31"}
{"level":"INFO","message":"running (25.0s), 01/10 VUs, 64 complete and 0 interrupted iterations","script":"scripts/login.js","time":"2026-04-14 17:58:32"}
{"level":"INFO","message":"default ↓ [ 100% ] 10 VUs  10s","script":"scripts/login.js","time":"2026-04-14 17:58:32"}
{"level":"INFO","message":"running (26.0s), 01/10 VUs, 64 complete and 0 interrupted iterations","script":"scripts/login.js","time":"2026-04-14 17:58:33"}
{"level":"INFO","message":"default ↓ [ 100% ] 10 VUs  10s","script":"scripts/login.js","time":"2026-04-14 17:58:33"}
{"level":"INFO","message":"running (27.0s), 01/10 VUs, 64 complete and 0 interrupted iterations","script":"scripts/login.js","time":"2026-04-14 17:58:34"}
{"level":"INFO","message":"default ↓ [ 100% ] 10 VUs  10s","script":"scripts/login.js","time":"2026-04-14 17:58:34"}
{"level":"INFO","message":"running (28.0s), 01/10 VUs, 64 complete and 0 interrupted iterations","script":"scripts/login.js","time":"2026-04-14 17:58:35"}
{"level":"INFO","message":"default ↓ [ 100% ] 10 VUs  10s","script":"scripts/login.js","time":"2026-04-14 17:58:35"}
{"level":"INFO","message":"  █ TOTAL RESULTS ","script":"scripts/login.js","time":"2026-04-14 17:58:36"}
{"level":"INFO","message":"    checks_total.......: 65     2.269924/s","script":"scripts/login.js","time":"2026-04-14 17:58:36"}
{"level":"INFO","message":"    checks_succeeded...: 98.46% 64 out of 65","script":"scripts/login.js","time":"2026-04-14 17:58:36"}
{"level":"INFO","message":"    checks_failed......: 1.53%  1 out of 65","script":"scripts/login.js","time":"2026-04-14 17:58:36"}
{"level":"INFO","message":"    ✗ status is 200","script":"scripts/login.js","time":"2026-04-14 17:58:36"}
{"level":"INFO","message":"      ↳  98% — ✓ 64 / ✗ 1","script":"scripts/login.js","time":"2026-04-14 17:58:36"}
{"level":"INFO","message":"    HTTP","script":"scripts/login.js","time":"2026-04-14 17:58:36"}
{"level":"INFO","message":"    http_req_duration..............: avg=785.42ms min=233.26ms med=321.88ms max=18.75s p(90)=1.07s p(95)=1.32s","script":"scripts/login.js","time":"2026-04-14 17:58:36"}
{"level":"INFO","message":"      { expected_response:true }...: avg=504.67ms min=233.26ms med=314.8ms  max=3.81s  p(90)=1.01s p(95)=1.09s","script":"scripts/login.js","time":"2026-04-14 17:58:36"}
{"level":"INFO","message":"    http_req_failed................: 1.53% 1 out of 65","script":"scripts/login.js","time":"2026-04-14 17:58:36"}
{"level":"INFO","message":"    http_reqs......................: 65    2.269924/s","script":"scripts/login.js","time":"2026-04-14 17:58:36"}
{"level":"INFO","message":"    EXECUTION","script":"scripts/login.js","time":"2026-04-14 17:58:36"}
{"level":"INFO","message":"    iteration_duration.............: avg=1.91s    min=1.23s    med=1.33s    max=19.75s p(90)=2.48s p(95)=3.17s","script":"scripts/login.js","time":"2026-04-14 17:58:36"}
{"level":"INFO","message":"    iterations.....................: 65    2.269924/s","script":"scripts/login.js","time":"2026-04-14 17:58:36"}
{"level":"INFO","message":"    vus............................: 1     min=1       max=10","script":"scripts/login.js","time":"2026-04-14 17:58:36"}
{"level":"INFO","message":"    vus_max........................: 10    min=10      max=10","script":"scripts/login.js","time":"2026-04-14 17:58:36"}
{"level":"INFO","message":"    NETWORK","script":"scripts/login.js","time":"2026-04-14 17:58:36"}
{"level":"INFO","message":"    data_received..................: 72 kB 2.5 kB/s","script":"scripts/login.js","time":"2026-04-14 17:58:36"}
{"level":"INFO","message":"    data_sent......................: 21 kB 728 B/s","script":"scripts/login.js","time":"2026-04-14 17:58:36"}
{"level":"INFO","message":"running (28.6s), 00/10 VUs, 65 complete and 0 interrupted iterations","script":"scripts/login.js","time":"2026-04-14 17:58:36"}
{"level":"INFO","message":"default ✓ [ 100% ] 10 VUs  10s","script":"scripts/login.js","time":"2026-04-14 17:58:36"}
{"level":"INFO","message":"Execution completed successfully","script":"scripts/login.js","time":"2026-04-14 17:58:36"}
{"level":"INFO","message":"Starting execution","script":"scripts/login.js","time":"2026-04-15 05:46:23"}
{"level":"INFO","message":"         /\\      Grafana   /‾‾/  ","script":"scripts/login.js","time":"2026-04-15 05:46:23"}
{"level":"INFO","message":"    /\\  /  \\     |\\  __   /  /   ","script":"scripts/login.js","time":"2026-04-15 05:46:23"}
{"level":"INFO","message":"   /  \\/    \\    | |/ /  /   ‾‾\\ ","script":"scripts/login.js","time":"2026-04-15 05:46:23"}
{"level":"INFO","message":"  /          \\   |   (  |  (‾)  |","script":"scripts/login.js","time":"2026-04-15 05:46:23"}
{"level":"INFO","message":" / __________ \\  |_|\\_\\  \\_____/ ","script":"scripts/login.js","time":"2026-04-15 05:46:23"}
{"level":"INFO","message":"     execution: local","script":"scripts/login.js","time":"2026-04-15 05:46:23"}
{"level":"INFO","message":"        script: -","script":"scripts/login.js","time":"2026-04-15 05:46:23"}
{"level":"INFO","message":"        output: Prometheus remote write (http://prometheus:9090/api/v1/write), TimescaleDB (postgres://timescaledb:5432)","script":"scripts/login.js","time":"2026-04-15 05:46:23"}
{"level":"INFO","message":"     scenarios: (100.00%) 1 scenario, 10 max VUs, 40s max duration (incl. graceful stop):","script":"scripts/login.js","time":"2026-04-15 05:46:23"}
{"level":"INFO","message":"              * default: 10 looping VUs for 10s (gracefulStop: 30s)","script":"scripts/login.js","time":"2026-04-15 05:46:23"}
{"level":"INFO","message":"running (01.0s), 10/10 VUs, 0 complete and 0 interrupted iterations","script":"scripts/login.js","time":"2026-04-15 05:46:24"}
{"level":"INFO","message":"default   [  10% ] 10 VUs  01.0s/10s","script":"scripts/login.js","time":"2026-04-15 05:46:24"}
{"level":"INFO","message":"running (02.0s), 10/10 VUs, 0 complete and 0 interrupted iterations","script":"scripts/login.js","time":"2026-04-15 05:46:25"}
{"level":"INFO","message":"default   [  20% ] 10 VUs  02.0s/10s","script":"scripts/login.js","time":"2026-04-15 05:46:25"}
{"level":"INFO","message":"running (03.0s), 10/10 VUs, 10 complete and 0 interrupted iterations","script":"scripts/login.js","time":"2026-04-15 05:46:26"}
{"level":"INFO","message":"default   [  30% ] 10 VUs  03.0s/10s","script":"scripts/login.js","time":"2026-04-15 05:46:26"}
{"level":"INFO","message":"running (04.0s), 10/10 VUs, 19 complete and 0 interrupted iterations","script":"scripts/login.js","time":"2026-04-15 05:46:27"}
{"level":"INFO","message":"default   [  40% ] 10 VUs  04.0s/10s","script":"scripts/login.js","time":"2026-04-15 05:46:27"}
{"level":"INFO","message":"running (05.0s), 10/10 VUs, 25 complete and 0 interrupted iterations","script":"scripts/login.js","time":"2026-04-15 05:46:28"}
{"level":"INFO","message":"default   [  50% ] 10 VUs  05.0s/10s","script":"scripts/login.js","time":"2026-04-15 05:46:28"}
{"level":"ERROR","message":"time=\"2026-04-15T05:46:28Z\" level=error msg=\"Failed to send the time series data to the endpoint\" error=\"got status code: 400 instead expected a 2xx successful status code\" output=\"Prometheus remote write\"","script":"scripts/login.js","time":"2026-04-15 05:46:28"}
{"level":"INFO","message":"running (06.0s), 10/10 VUs, 30 complete and 0 interrupted iterations","script":"scripts/login.js","time":"2026-04-15 05:46:29"}
{"level":"INFO","message":"default   [  60% ] 10 VUs  06.0s/10s","script":"scripts/login.js","time":"2026-04-15 05:46:29"}
{"level":"INFO","message":"running (07.0s), 10/10 VUs, 39 complete and 0 interrupted iterations","script":"scripts/login.js","time":"2026-04-15 05:46:30"}
{"level":"INFO","message":"default   [  70% ] 10 VUs  07.0s/10s","script":"scripts/login.js","time":"2026-04-15 05:46:30"}
{"level":"INFO","message":"running (08.0s), 10/10 VUs, 47 complete and 0 interrupted iterations","script":"scripts/login.js","time":"2026-04-15 05:46:31"}
{"level":"INFO","message":"default   [  80% ] 10 VUs  08.0s/10s","script":"scripts/login.js","time":"2026-04-15 05:46:31"}
{"level":"INFO","message":"running (09.0s), 10/10 VUs, 54 complete and 0 interrupted iterations","script":"scripts/login.js","time":"2026-04-15 05:46:32"}
{"level":"INFO","message":"default   [  90% ] 10 VUs  09.0s/10s","script":"scripts/login.js","time":"2026-04-15 05:46:32"}
{"level":"INFO","message":"running (10.0s), 10/10 VUs, 59 complete and 0 interrupted iterations","script":"scripts/login.js","time":"2026-04-15 05:46:33"}
{"level":"INFO","message":"default   [ 100% ] 10 VUs  10.0s/10s","script":"scripts/login.js","time":"2026-04-15 05:46:33"}
{"level":"INFO","message":"running (11.0s), 01/10 VUs, 68 complete and 0 interrupted iterations","script":"scripts/login.js","time":"2026-04-15 05:46:34"}
{"level":"INFO","message":"default ↓ [ 100% ] 10 VUs  10s","script":"scripts/login.js","time":"2026-04-15 05:46:34"}
{"level":"INFO","message":"  █ TOTAL RESULTS ","script":"scripts/login.js","time":"2026-04-15 05:46:34"}
{"level":"INFO","message":"    checks_total.......: 69      6.193451/s","script":"scripts/login.js","time":"2026-04-15 05:46:34"}
{"level":"INFO","message":"    checks_succeeded...: 100.00% 69 out of 69","script":"scripts/login.js","time":"2026-04-15 05:46:34"}
{"level":"INFO","message":"    checks_failed......: 0.00%   0 out of 69","script":"scripts/login.js","time":"2026-04-15 05:46:34"}
{"level":"INFO","message":"    ✓ status is 200","script":"scripts/login.js","time":"2026-04-15 05:46:34"}
{"level":"INFO","message":"    HTTP","script":"scripts/login.js","time":"2026-04-15 05:46:34"}
{"level":"INFO","message":"    http_req_duration..............: avg=374.24ms min=241.29ms med=291.93ms max=1.24s p(90)=587.24ms p(95)=701.07ms","script":"scripts/login.js","time":"2026-04-15 05:46:34"}
{"level":"INFO","message":"      { expected_response:true }...: avg=374.24ms min=241.29ms med=291.93ms max=1.24s p(90)=587.24ms p(95)=701.07ms","script":"scripts/login.js","time":"2026-04-15 05:46:34"}
{"level":"INFO","message":"    http_req_failed................: 0.00% 0 out of 69","script":"scripts/login.js","time":"2026-04-15 05:46:34"}
{"level":"INFO","message":"    http_reqs......................: 69    6.193451/s","script":"scripts/login.js","time":"2026-04-15 05:46:34"}
{"level":"INFO","message":"    EXECUTION","script":"scripts/login.js","time":"2026-04-15 05:46:34"}
{"level":"INFO","message":"    iteration_duration.............: avg=1.51s    min=1.24s    med=1.32s    max=2.69s p(90)=2.24s    p(95)=2.29s   ","script":"scripts/login.js","time":"2026-04-15 05:46:34"}
{"level":"INFO","message":"    iterations.....................: 69    6.193451/s","script":"scripts/login.js","time":"2026-04-15 05:46:34"}
{"level":"INFO","message":"    vus............................: 1     min=1       max=10","script":"scripts/login.js","time":"2026-04-15 05:46:34"}
{"level":"INFO","message":"    vus_max........................: 10    min=10      max=10","script":"scripts/login.js","time":"2026-04-15 05:46:34"}
{"level":"INFO","message":"    NETWORK","script":"scripts/login.js","time":"2026-04-15 05:46:34"}
{"level":"INFO","message":"    data_received..................: 74 kB 6.7 kB/s","script":"scripts/login.js","time":"2026-04-15 05:46:34"}
{"level":"INFO","message":"    data_sent......................: 21 kB 1.9 kB/s","script":"scripts/login.js","time":"2026-04-15 05:46:34"}
{"level":"INFO","message":"running (11.1s), 00/10 VUs, 69 complete and 0 interrupted iterations","script":"scripts/login.js","time":"2026-04-15 05:46:34"}
{"level":"INFO","message":"default ✓ [ 100% ] 10 VUs  10s","script":"scripts/login.js","time":"2026-04-15 05:46:34"}
{"level":"INFO","message":"Execution completed successfully","script":"scripts/login.js","time":"2026-04-15 05:46:34"}
{"level":"INFO","message":"Starting execution","script":"scripts/login.js","time":"2026-04-15 06:26:58"}
{"level":"INFO","message":"         /\\      Grafana   /‾‾/  ","script":"scripts/login.js","time":"2026-04-15 06:26:58"}
{"level":"INFO","message":"    /\\  /  \\     |\\  __   /  /   ","script":"scripts/login.js","time":"2026-04-15 06:26:58"}
{"level":"INFO","message":"   /  \\/    \\    | |/ /  /   ‾‾\\ ","script":"scripts/login.js","time":"2026-04-15 06:26:58"}
{"level":"INFO","message":"  /          \\   |   (  |  (‾)  |","script":"scripts/login.js","time":"2026-04-15 06:26:58"}
{"level":"INFO","message":" / __________ \\  |_|\\_\\  \\_____/ ","script":"scripts/login.js","time":"2026-04-15 06:26:58"}
{"level":"INFO","message":"     execution: local","script":"scripts/login.js","time":"2026-04-15 06:26:58"}
{"level":"INFO","message":"        script: -","script":"scripts/login.js","time":"2026-04-15 06:26:58"}
{"level":"INFO","message":"        output: Prometheus remote write (http://prometheus:9090/api/v1/write), TimescaleDB (postgres://timescaledb:5432)","script":"scripts/login.js","time":"2026-04-15 06:26:58"}
{"level":"INFO","message":"     scenarios: (100.00%) 1 scenario, 10 max VUs, 40s max duration (incl. graceful stop):","script":"scripts/login.js","time":"2026-04-15 06:26:58"}
{"level":"INFO","message":"              * default: 10 looping VUs for 10s (gracefulStop: 30s)","script":"scripts/login.js","time":"2026-04-15 06:26:58"}
{"level":"INFO","message":"running (01.0s), 10/10 VUs, 0 complete and 0 interrupted iterations","script":"scripts/login.js","time":"2026-04-15 06:26:59"}
{"level":"INFO","message":"default   [  10% ] 10 VUs  01.0s/10s","script":"scripts/login.js","time":"2026-04-15 06:26:59"}
{"level":"INFO","message":"running (02.0s), 10/10 VUs, 0 complete and 0 interrupted iterations","script":"scripts/login.js","time":"2026-04-15 06:27:00"}
{"level":"INFO","message":"default   [  20% ] 10 VUs  02.0s/10s","script":"scripts/login.js","time":"2026-04-15 06:27:00"}
{"level":"INFO","message":"running (03.0s), 10/10 VUs, 9 complete and 0 interrupted iterations","script":"scripts/login.js","time":"2026-04-15 06:27:01"}
{"level":"INFO","message":"default   [  30% ] 10 VUs  03.0s/10s","script":"scripts/login.js","time":"2026-04-15 06:27:01"}
{"level":"INFO","message":"running (04.0s), 10/10 VUs, 10 complete and 0 interrupted iterations","script":"scripts/login.js","time":"2026-04-15 06:27:02"}
{"level":"INFO","message":"default   [  40% ] 10 VUs  04.0s/10s","script":"scripts/login.js","time":"2026-04-15 06:27:02"}
{"level":"INFO","message":"running (05.0s), 10/10 VUs, 20 complete and 0 interrupted iterations","script":"scripts/login.js","time":"2026-04-15 06:27:03"}
{"level":"INFO","message":"default   [  50% ] 10 VUs  05.0s/10s","script":"scripts/login.js","time":"2026-04-15 06:27:03"}
{"level":"INFO","message":"running (06.0s), 10/10 VUs, 30 complete and 0 interrupted iterations","script":"scripts/login.js","time":"2026-04-15 06:27:04"}
{"level":"INFO","message":"default   [  60% ] 10 VUs  06.0s/10s","script":"scripts/login.js","time":"2026-04-15 06:27:04"}
{"level":"INFO","message":"running (07.0s), 10/10 VUs, 34 complete and 0 interrupted iterations","script":"scripts/login.js","time":"2026-04-15 06:27:05"}
{"level":"INFO","message":"default   [  70% ] 10 VUs  07.0s/10s","script":"scripts/login.js","time":"2026-04-15 06:27:05"}
{"level":"INFO","message":"running (08.0s), 10/10 VUs, 42 complete and 0 interrupted iterations","script":"scripts/login.js","time":"2026-04-15 06:27:06"}
{"level":"INFO","message":"default   [  80% ] 10 VUs  08.0s/10s","script":"scripts/login.js","time":"2026-04-15 06:27:06"}
{"level":"INFO","message":"running (09.0s), 10/10 VUs, 49 complete and 0 interrupted iterations","script":"scripts/login.js","time":"2026-04-15 06:27:07"}
{"level":"INFO","message":"default   [  90% ] 10 VUs  09.0s/10s","script":"scripts/login.js","time":"2026-04-15 06:27:07"}
{"level":"INFO","message":"running (10.0s), 10/10 VUs, 57 complete and 0 interrupted iterations","script":"scripts/login.js","time":"2026-04-15 06:27:08"}
{"level":"INFO","message":"default   [ 100% ] 10 VUs  10.0s/10s","script":"scripts/login.js","time":"2026-04-15 06:27:08"}
{"level":"INFO","message":"running (11.0s), 04/10 VUs, 63 complete and 0 interrupted iterations","script":"scripts/login.js","time":"2026-04-15 06:27:09"}
{"level":"INFO","message":"default ↓ [ 100% ] 10 VUs  10s","script":"scripts/login.js","time":"2026-04-15 06:27:09"}
{"level":"INFO","message":"  █ TOTAL RESULTS ","script":"scripts/login.js","time":"2026-04-15 06:27:10"}
{"level":"INFO","message":"    checks_total.......: 67     5.845309/s","script":"scripts/login.js","time":"2026-04-15 06:27:10"}
{"level":"INFO","message":"    checks_succeeded...: 98.50% 66 out of 67","script":"scripts/login.js","time":"2026-04-15 06:27:10"}
{"level":"INFO","message":"    checks_failed......: 1.49%  1 out of 67","script":"scripts/login.js","time":"2026-04-15 06:27:10"}
{"level":"INFO","message":"    ✗ status is 200","script":"scripts/login.js","time":"2026-04-15 06:27:10"}
{"level":"INFO","message":"      ↳  98% — ✓ 66 / ✗ 1","script":"scripts/login.js","time":"2026-04-15 06:27:10"}
{"level":"INFO","message":"    HTTP","script":"scripts/login.js","time":"2026-04-15 06:27:10"}
{"level":"INFO","message":"    http_req_duration..............: avg=410.15ms min=246.22ms med=353.88ms max=1.22s p(90)=670.38ms p(95)=765.71ms","script":"scripts/login.js","time":"2026-04-15 06:27:10"}
{"level":"INFO","message":"      { expected_response:true }...: avg=411.18ms min=246.22ms med=354.52ms max=1.22s p(90)=672.32ms p(95)=766.25ms","script":"scripts/login.js","time":"2026-04-15 06:27:10"}
{"level":"INFO","message":"    http_req_failed................: 1.49% 1 out of 67","script":"scripts/login.js","time":"2026-04-15 06:27:10"}
{"level":"INFO","message":"    http_reqs......................: 67    5.845309/s","script":"scripts/login.js","time":"2026-04-15 06:27:10"}
{"level":"INFO","message":"    EXECUTION","script":"scripts/login.js","time":"2026-04-15 06:27:10"}
{"level":"INFO","message":"    iteration_duration.............: avg=1.6s     min=1.24s    med=1.35s    max=3.09s p(90)=2.7s     p(95)=2.7s    ","script":"scripts/login.js","time":"2026-04-15 06:27:10"}
{"level":"INFO","message":"    iterations.....................: 67    5.845309/s","script":"scripts/login.js","time":"2026-04-15 06:27:10"}
{"level":"INFO","message":"    vus............................: 4     min=4       max=10","script":"scripts/login.js","time":"2026-04-15 06:27:10"}
{"level":"INFO","message":"    vus_max........................: 10    min=10      max=10","script":"scripts/login.js","time":"2026-04-15 06:27:10"}
{"level":"INFO","message":"    NETWORK","script":"scripts/login.js","time":"2026-04-15 06:27:10"}
{"level":"INFO","message":"    data_received..................: 73 kB 6.4 kB/s","script":"scripts/login.js","time":"2026-04-15 06:27:10"}
{"level":"INFO","message":"    data_sent......................: 21 kB 1.8 kB/s","script":"scripts/login.js","time":"2026-04-15 06:27:10"}
{"level":"INFO","message":"running (11.5s), 00/10 VUs, 67 complete and 0 interrupted iterations","script":"scripts/login.js","time":"2026-04-15 06:27:10"}
{"level":"INFO","message":"default ✓ [ 100% ] 10 VUs  10s","script":"scripts/login.js","time":"2026-04-15 06:27:10"}
{"level":"INFO","message":"Execution completed successfully","script":"scripts/login.js","time":"2026-04-15 06:27:11"}
{"level":"INFO","message":"Starting execution","script":"scripts/login.js","time":"2026-04-15 07:55:52"}
{"level":"INFO","message":"         /\\      Grafana   /‾‾/  ","script":"scripts/login.js","time":"2026-04-15 07:55:52"}
{"level":"INFO","message":"    /\\  /  \\     |\\  __   /  /   ","script":"scripts/login.js","time":"2026-04-15 07:55:52"}
{"level":"INFO","message":"   /  \\/    \\    | |/ /  /   ‾‾\\ ","script":"scripts/login.js","time":"2026-04-15 07:55:52"}
{"level":"INFO","message":"  /          \\   |   (  |  (‾)  |","script":"scripts/login.js","time":"2026-04-15 07:55:52"}
{"level":"INFO","message":" / __________ \\  |_|\\_\\  \\_____/ ","script":"scripts/login.js","time":"2026-04-15 07:55:52"}
{"level":"INFO","message":"     execution: local","script":"scripts/login.js","time":"2026-04-15 07:55:52"}
{"level":"INFO","message":"        script: -","script":"scripts/login.js","time":"2026-04-15 07:55:52"}
{"level":"INFO","message":"        output: Prometheus remote write (http://prometheus:9090/api/v1/write), TimescaleDB (postgres://timescaledb:5432)","script":"scripts/login.js","time":"2026-04-15 07:55:52"}
{"level":"INFO","message":"     scenarios: (100.00%) 1 scenario, 10 max VUs, 40s max duration (incl. graceful stop):","script":"scripts/login.js","time":"2026-04-15 07:55:52"}
{"level":"INFO","message":"              * default: 10 looping VUs for 10s (gracefulStop: 30s)","script":"scripts/login.js","time":"2026-04-15 07:55:52"}
{"level":"INFO","message":"running (01.0s), 10/10 VUs, 0 complete and 0 interrupted iterations","script":"scripts/login.js","time":"2026-04-15 07:55:53"}
{"level":"INFO","message":"default   [  10% ] 10 VUs  01.0s/10s","script":"scripts/login.js","time":"2026-04-15 07:55:53"}
{"level":"INFO","message":"running (02.0s), 10/10 VUs, 0 complete and 0 interrupted iterations","script":"scripts/login.js","time":"2026-04-15 07:55:54"}
{"level":"INFO","message":"default   [  20% ] 10 VUs  02.0s/10s","script":"scripts/login.js","time":"2026-04-15 07:55:54"}
{"level":"INFO","message":"running (03.0s), 10/10 VUs, 10 complete and 0 interrupted iterations","script":"scripts/login.js","time":"2026-04-15 07:55:55"}
{"level":"INFO","message":"default   [  30% ] 10 VUs  03.0s/10s","script":"scripts/login.js","time":"2026-04-15 07:55:55"}
{"level":"INFO","message":"running (04.0s), 10/10 VUs, 18 complete and 0 interrupted iterations","script":"scripts/login.js","time":"2026-04-15 07:55:56"}
{"level":"INFO","message":"default   [  40% ] 10 VUs  04.0s/10s","script":"scripts/login.js","time":"2026-04-15 07:55:56"}
{"level":"INFO","message":"running (05.0s), 10/10 VUs, 23 complete and 0 interrupted iterations","script":"scripts/login.js","time":"2026-04-15 07:55:57"}
{"level":"INFO","message":"default   [  50% ] 10 VUs  05.0s/10s","script":"scripts/login.js","time":"2026-04-15 07:55:57"}
{"level":"INFO","message":"running (06.0s), 10/10 VUs, 30 complete and 0 interrupted iterations","script":"scripts/login.js","time":"2026-04-15 07:55:58"}
{"level":"INFO","message":"default   [  60% ] 10 VUs  06.0s/10s","script":"scripts/login.js","time":"2026-04-15 07:55:58"}
{"level":"INFO","message":"running (07.0s), 10/10 VUs, 39 complete and 0 interrupted iterations","script":"scripts/login.js","time":"2026-04-15 07:55:59"}
{"level":"INFO","message":"default   [  70% ] 10 VUs  07.0s/10s","script":"scripts/login.js","time":"2026-04-15 07:55:59"}
{"level":"INFO","message":"running (08.0s), 10/10 VUs, 44 complete and 0 interrupted iterations","script":"scripts/login.js","time":"2026-04-15 07:56:00"}
{"level":"INFO","message":"default   [  80% ] 10 VUs  08.0s/10s","script":"scripts/login.js","time":"2026-04-15 07:56:00"}
{"level":"INFO","message":"running (09.0s), 10/10 VUs, 52 complete and 0 interrupted iterations","script":"scripts/login.js","time":"2026-04-15 07:56:01"}
{"level":"INFO","message":"default   [  90% ] 10 VUs  09.0s/10s","script":"scripts/login.js","time":"2026-04-15 07:56:01"}
{"level":"INFO","message":"running (10.0s), 10/10 VUs, 60 complete and 0 interrupted iterations","script":"scripts/login.js","time":"2026-04-15 07:56:02"}
{"level":"INFO","message":"default   [ 100% ] 10 VUs  10.0s/10s","script":"scripts/login.js","time":"2026-04-15 07:56:02"}
{"level":"INFO","message":"running (11.0s), 02/10 VUs, 68 complete and 0 interrupted iterations","script":"scripts/login.js","time":"2026-04-15 07:56:03"}
{"level":"INFO","message":"default ↓ [ 100% ] 10 VUs  10s","script":"scripts/login.js","time":"2026-04-15 07:56:03"}
{"level":"INFO","message":"  █ TOTAL RESULTS ","script":"scripts/login.js","time":"2026-04-15 07:56:03"}
{"level":"INFO","message":"    checks_total.......: 70      6.214274/s","script":"scripts/login.js","time":"2026-04-15 07:56:03"}
{"level":"INFO","message":"    checks_succeeded...: 100.00% 70 out of 70","script":"scripts/login.js","time":"2026-04-15 07:56:03"}
{"level":"INFO","message":"    checks_failed......: 0.00%   0 out of 70","script":"scripts/login.js","time":"2026-04-15 07:56:03"}
{"level":"INFO","message":"    ✓ status is 200","script":"scripts/login.js","time":"2026-04-15 07:56:03"}
{"level":"INFO","message":"    HTTP","script":"scripts/login.js","time":"2026-04-15 07:56:03"}
{"level":"INFO","message":"    http_req_duration..............: avg=383.64ms min=253.8ms med=291.18ms max=1.11s p(90)=610.19ms p(95)=872.86ms","script":"scripts/login.js","time":"2026-04-15 07:56:03"}
{"level":"INFO","message":"      { expected_response:true }...: avg=383.64ms min=253.8ms med=291.18ms max=1.11s p(90)=610.19ms p(95)=872.86ms","script":"scripts/login.js","time":"2026-04-15 07:56:03"}
{"level":"INFO","message":"    http_req_failed................: 0.00% 0 out of 70","script":"scripts/login.js","time":"2026-04-15 07:56:03"}
{"level":"INFO","message":"    http_reqs......................: 70    6.214274/s","script":"scripts/login.js","time":"2026-04-15 07:56:03"}
{"level":"INFO","message":"    EXECUTION","script":"scripts/login.js","time":"2026-04-15 07:56:03"}
{"level":"INFO","message":"    iteration_duration.............: avg=1.52s    min=1.25s   med=1.3s     max=2.84s p(90)=2.25s    p(95)=2.27s   ","script":"scripts/login.js","time":"2026-04-15 07:56:03"}
{"level":"INFO","message":"    iterations.....................: 70    6.214274/s","script":"scripts/login.js","time":"2026-04-15 07:56:03"}
{"level":"INFO","message":"    vus............................: 2     min=2       max=10","script":"scripts/login.js","time":"2026-04-15 07:56:03"}
{"level":"INFO","message":"    vus_max........................: 10    min=10      max=10","script":"scripts/login.js","time":"2026-04-15 07:56:03"}
{"level":"INFO","message":"    NETWORK","script":"scripts/login.js","time":"2026-04-15 07:56:03"}
{"level":"INFO","message":"    data_received..................: 75 kB 6.6 kB/s","script":"scripts/login.js","time":"2026-04-15 07:56:03"}
{"level":"INFO","message":"    data_sent......................: 21 kB 1.9 kB/s","script":"scripts/login.js","time":"2026-04-15 07:56:03"}
{"level":"INFO","message":"running (11.3s), 00/10 VUs, 70 complete and 0 interrupted iterations","script":"scripts/login.js","time":"2026-04-15 07:56:03"}
{"level":"INFO","message":"default ✓ [ 100% ] 10 VUs  10s","script":"scripts/login.js","time":"2026-04-15 07:56:03"}
{"level":"INFO","message":"Execution completed successfully","script":"scripts/login.js","time":"2026-04-15 07:56:03"}
