{"level":"INFO","message":"Starting execution","script":"search.js","time":"2026-04-14 10:32:25"}
{"level":"INFO","message":"          /\\      |‾‾| /‾‾/   /‾‾/   ","script":"search.js","time":"2026-04-14 10:32:25"}
{"level":"INFO","message":"     /\\  /  \\     |  |/  /   /  /    ","script":"search.js","time":"2026-04-14 10:32:25"}
{"level":"INFO","message":"    /  \\/    \\    |     (   /   ‾‾\\  ","script":"search.js","time":"2026-04-14 10:32:25"}
{"level":"INFO","message":"   /          \\   |  |\\  \\ |  (‾)  | ","script":"search.js","time":"2026-04-14 10:32:25"}
{"level":"INFO","message":"  / __________ \\  |__| \\__\\ \\_____/ .io","script":"search.js","time":"2026-04-14 10:32:25"}
{"level":"INFO","message":"     execution: local","script":"search.js","time":"2026-04-14 10:32:25"}
{"level":"INFO","message":"        script: -","script":"search.js","time":"2026-04-14 10:32:25"}
{"level":"INFO","message":"        output: Prometheus remote write (http://prometheus:9090/api/v1/write)","script":"search.js","time":"2026-04-14 10:32:25"}
{"level":"INFO","message":"     scenarios: (100.00%) 1 scenario, 30 max VUs, 45s max duration (incl. graceful stop):","script":"search.js","time":"2026-04-14 10:32:25"}
{"level":"INFO","message":"              * default: 30 looping VUs for 15s (gracefulStop: 30s)","script":"search.js","time":"2026-04-14 10:32:25"}
{"level":"ERROR","message":"time=\"2026-04-14T10:32:25Z\" level=warning msg=\"Error from API server\" error=\"listen tcp 127.0.0.1:6565: bind: address already in use\"","script":"search.js","time":"2026-04-14 10:32:25"}
{"level":"INFO","message":"running (01.0s), 30/30 VUs, 0 complete and 0 interrupted iterations","script":"search.js","time":"2026-04-14 10:32:26"}
{"level":"INFO","message":"default   [   7% ] 30 VUs  01.0s/15s","script":"search.js","time":"2026-04-14 10:32:26"}
{"level":"INFO","message":"running (02.0s), 30/30 VUs, 25 complete and 0 interrupted iterations","script":"search.js","time":"2026-04-14 10:32:27"}
{"level":"INFO","message":"default   [  13% ] 30 VUs  02.0s/15s","script":"search.js","time":"2026-04-14 10:32:27"}
{"level":"INFO","message":"running (03.0s), 30/30 VUs, 47 complete and 0 interrupted iterations","script":"search.js","time":"2026-04-14 10:32:28"}
{"level":"INFO","message":"default   [  20% ] 30 VUs  03.0s/15s","script":"search.js","time":"2026-04-14 10:32:28"}
{"level":"INFO","message":"running (04.0s), 30/30 VUs, 73 complete and 0 interrupted iterations","script":"search.js","time":"2026-04-14 10:32:29"}
{"level":"INFO","message":"default   [  27% ] 30 VUs  04.0s/15s","script":"search.js","time":"2026-04-14 10:32:29"}
{"level":"INFO","message":"running (05.0s), 30/30 VUs, 103 complete and 0 interrupted iterations","script":"search.js","time":"2026-04-14 10:32:30"}
{"level":"INFO","message":"default   [  33% ] 30 VUs  05.0s/15s","script":"search.js","time":"2026-04-14 10:32:30"}
{"level":"ERROR","message":"time=\"2026-04-14T10:32:30Z\" level=error msg=\"Failed to send the time series data to the endpoint\" error=\"got status code: 404 instead expected a 2xx successful status code\" output=\"Prometheus remote write\"","script":"search.js","time":"2026-04-14 10:32:30"}
{"level":"INFO","message":"running (06.0s), 30/30 VUs, 135 complete and 0 interrupted iterations","script":"search.js","time":"2026-04-14 10:32:31"}
{"level":"INFO","message":"default   [  40% ] 30 VUs  06.0s/15s","script":"search.js","time":"2026-04-14 10:32:31"}
{"level":"INFO","message":"running (07.0s), 30/30 VUs, 170 complete and 0 interrupted iterations","script":"search.js","time":"2026-04-14 10:32:32"}
{"level":"INFO","message":"default   [  47% ] 30 VUs  07.0s/15s","script":"search.js","time":"2026-04-14 10:32:32"}
{"level":"INFO","message":"running (08.0s), 30/30 VUs, 203 complete and 0 interrupted iterations","script":"search.js","time":"2026-04-14 10:32:33"}
{"level":"INFO","message":"default   [  53% ] 30 VUs  08.0s/15s","script":"search.js","time":"2026-04-14 10:32:33"}
{"level":"INFO","message":"running (09.0s), 30/30 VUs, 232 complete and 0 interrupted iterations","script":"search.js","time":"2026-04-14 10:32:34"}
{"level":"INFO","message":"default   [  60% ] 30 VUs  09.0s/15s","script":"search.js","time":"2026-04-14 10:32:34"}
{"level":"INFO","message":"running (10.0s), 30/30 VUs, 264 complete and 0 interrupted iterations","script":"search.js","time":"2026-04-14 10:32:35"}
{"level":"INFO","message":"default   [  67% ] 30 VUs  10.0s/15s","script":"search.js","time":"2026-04-14 10:32:35"}
{"level":"ERROR","message":"time=\"2026-04-14T10:32:35Z\" level=error msg=\"Failed to send the time series data to the endpoint\" error=\"got status code: 404 instead expected a 2xx successful status code\" output=\"Prometheus remote write\"","script":"search.js","time":"2026-04-14 10:32:35"}
{"level":"INFO","message":"running (11.0s), 30/30 VUs, 297 complete and 0 interrupted iterations","script":"search.js","time":"2026-04-14 10:32:36"}
{"level":"INFO","message":"default   [  73% ] 30 VUs  11.0s/15s","script":"search.js","time":"2026-04-14 10:32:36"}
{"level":"INFO","message":"running (12.0s), 30/30 VUs, 328 complete and 0 interrupted iterations","script":"search.js","time":"2026-04-14 10:32:37"}
{"level":"INFO","message":"default   [  80% ] 30 VUs  12.0s/15s","script":"search.js","time":"2026-04-14 10:32:37"}
{"level":"INFO","message":"running (13.0s), 30/30 VUs, 361 complete and 0 interrupted iterations","script":"search.js","time":"2026-04-14 10:32:38"}
{"level":"INFO","message":"default   [  87% ] 30 VUs  13.0s/15s","script":"search.js","time":"2026-04-14 10:32:38"}
{"level":"INFO","message":"running (14.0s), 30/30 VUs, 392 complete and 0 interrupted iterations","script":"search.js","time":"2026-04-14 10:32:39"}
{"level":"INFO","message":"default   [  93% ] 30 VUs  14.0s/15s","script":"search.js","time":"2026-04-14 10:32:39"}
{"level":"INFO","message":"running (15.0s), 30/30 VUs, 427 complete and 0 interrupted iterations","script":"search.js","time":"2026-04-14 10:32:40"}
{"level":"INFO","message":"default ↓ [ 100% ] 30 VUs  15s","script":"search.js","time":"2026-04-14 10:32:40"}
{"level":"ERROR","message":"time=\"2026-04-14T10:32:40Z\" level=error msg=\"Failed to send the time series data to the endpoint\" error=\"got status code: 404 instead expected a 2xx successful status code\" output=\"Prometheus remote write\"","script":"search.js","time":"2026-04-14 10:32:40"}
{"level":"INFO","message":"running (16.0s), 05/30 VUs, 452 complete and 0 interrupted iterations","script":"search.js","time":"2026-04-14 10:32:41"}
{"level":"INFO","message":"default ↓ [ 100% ] 30 VUs  15s","script":"search.js","time":"2026-04-14 10:32:41"}
{"level":"INFO","message":"running (17.0s), 02/30 VUs, 455 complete and 0 interrupted iterations","script":"search.js","time":"2026-04-14 10:32:42"}
{"level":"INFO","message":"default ↓ [ 100% ] 30 VUs  15s","script":"search.js","time":"2026-04-14 10:32:42"}
{"level":"INFO","message":"running (18.0s), 02/30 VUs, 455 complete and 0 interrupted iterations","script":"search.js","time":"2026-04-14 10:32:43"}
{"level":"INFO","message":"default ↓ [ 100% ] 30 VUs  15s","script":"search.js","time":"2026-04-14 10:32:43"}
{"level":"INFO","message":"running (19.0s), 02/30 VUs, 455 complete and 0 interrupted iterations","script":"search.js","time":"2026-04-14 10:32:44"}
{"level":"INFO","message":"default ↓ [ 100% ] 30 VUs  15s","script":"search.js","time":"2026-04-14 10:32:44"}
{"level":"INFO","message":"running (20.0s), 02/30 VUs, 455 complete and 0 interrupted iterations","script":"search.js","time":"2026-04-14 10:32:45"}
{"level":"INFO","message":"default ↓ [ 100% ] 30 VUs  15s","script":"search.js","time":"2026-04-14 10:32:45"}
{"level":"ERROR","message":"time=\"2026-04-14T10:32:45Z\" level=error msg=\"Failed to send the time series data to the endpoint\" error=\"got status code: 404 instead expected a 2xx successful status code\" output=\"Prometheus remote write\"","script":"search.js","time":"2026-04-14 10:32:45"}
{"level":"INFO","message":"running (21.0s), 02/30 VUs, 455 complete and 0 interrupted iterations","script":"search.js","time":"2026-04-14 10:32:46"}
{"level":"INFO","message":"default ↓ [ 100% ] 30 VUs  15s","script":"search.js","time":"2026-04-14 10:32:46"}
{"level":"INFO","message":"running (22.0s), 02/30 VUs, 455 complete and 0 interrupted iterations","script":"search.js","time":"2026-04-14 10:32:47"}
{"level":"INFO","message":"default ↓ [ 100% ] 30 VUs  15s","script":"search.js","time":"2026-04-14 10:32:47"}
{"level":"INFO","message":"running (23.0s), 02/30 VUs, 455 complete and 0 interrupted iterations","script":"search.js","time":"2026-04-14 10:32:48"}
{"level":"INFO","message":"default ↓ [ 100% ] 30 VUs  15s","script":"search.js","time":"2026-04-14 10:32:48"}
{"level":"INFO","message":"running (24.0s), 02/30 VUs, 455 complete and 0 interrupted iterations","script":"search.js","time":"2026-04-14 10:32:49"}
{"level":"INFO","message":"default ↓ [ 100% ] 30 VUs  15s","script":"search.js","time":"2026-04-14 10:32:49"}
{"level":"INFO","message":"running (25.0s), 02/30 VUs, 455 complete and 0 interrupted iterations","script":"search.js","time":"2026-04-14 10:32:50"}
{"level":"INFO","message":"default ↓ [ 100% ] 30 VUs  15s","script":"search.js","time":"2026-04-14 10:32:50"}
{"level":"ERROR","message":"time=\"2026-04-14T10:32:50Z\" level=error msg=\"Failed to send the time series data to the endpoint\" error=\"got status code: 404 instead expected a 2xx successful status code\" output=\"Prometheus remote write\"","script":"search.js","time":"2026-04-14 10:32:50"}
{"level":"INFO","message":"running (26.0s), 02/30 VUs, 455 complete and 0 interrupted iterations","script":"search.js","time":"2026-04-14 10:32:51"}
{"level":"INFO","message":"default ↓ [ 100% ] 30 VUs  15s","script":"search.js","time":"2026-04-14 10:32:51"}
{"level":"INFO","message":"running (27.0s), 02/30 VUs, 455 complete and 0 interrupted iterations","script":"search.js","time":"2026-04-14 10:32:52"}
{"level":"INFO","message":"default ↓ [ 100% ] 30 VUs  15s","script":"search.js","time":"2026-04-14 10:32:52"}
{"level":"INFO","message":"running (28.0s), 02/30 VUs, 455 complete and 0 interrupted iterations","script":"search.js","time":"2026-04-14 10:32:53"}
{"level":"INFO","message":"default ↓ [ 100% ] 30 VUs  15s","script":"search.js","time":"2026-04-14 10:32:53"}
{"level":"INFO","message":"running (29.0s), 02/30 VUs, 455 complete and 0 interrupted iterations","script":"search.js","time":"2026-04-14 10:32:54"}
{"level":"INFO","message":"default ↓ [ 100% ] 30 VUs  15s","script":"search.js","time":"2026-04-14 10:32:54"}
{"level":"INFO","message":"running (30.0s), 02/30 VUs, 455 complete and 0 interrupted iterations","script":"search.js","time":"2026-04-14 10:32:55"}
{"level":"INFO","message":"default ↓ [ 100% ] 30 VUs  15s","script":"search.js","time":"2026-04-14 10:32:55"}
{"level":"ERROR","message":"time=\"2026-04-14T10:32:55Z\" level=error msg=\"Failed to send the time series data to the endpoint\" error=\"got status code: 404 instead expected a 2xx successful status code\" output=\"Prometheus remote write\"","script":"search.js","time":"2026-04-14 10:32:55"}
{"level":"INFO","message":"running (31.0s), 02/30 VUs, 455 complete and 0 interrupted iterations","script":"search.js","time":"2026-04-14 10:32:56"}
{"level":"INFO","message":"default ↓ [ 100% ] 30 VUs  15s","script":"search.js","time":"2026-04-14 10:32:56"}
{"level":"INFO","message":"running (32.0s), 01/30 VUs, 456 complete and 0 interrupted iterations","script":"search.js","time":"2026-04-14 10:32:57"}
{"level":"INFO","message":"default ↓ [ 100% ] 30 VUs  15s","script":"search.js","time":"2026-04-14 10:32:57"}
{"level":"INFO","message":"running (33.0s), 01/30 VUs, 456 complete and 0 interrupted iterations","script":"search.js","time":"2026-04-14 10:32:58"}
{"level":"INFO","message":"default ↓ [ 100% ] 30 VUs  15s","script":"search.js","time":"2026-04-14 10:32:58"}
{"level":"INFO","message":"running (34.0s), 01/30 VUs, 456 complete and 0 interrupted iterations","script":"search.js","time":"2026-04-14 10:32:59"}
{"level":"INFO","message":"default ↓ [ 100% ] 30 VUs  15s","script":"search.js","time":"2026-04-14 10:32:59"}
{"level":"ERROR","message":"time=\"2026-04-14T10:33:00Z\" level=error msg=\"Failed to send the time series data to the endpoint\" error=\"got status code: 404 instead expected a 2xx successful status code\" output=\"Prometheus remote write\"","script":"search.js","time":"2026-04-14 10:33:00"}
{"level":"INFO","message":"     ✓ status is 200","script":"search.js","time":"2026-04-14 10:33:00"}
{"level":"INFO","message":"     checks.........................: 100.00% ✓ 457       ✗ 0   ","script":"search.js","time":"2026-04-14 10:33:00"}
{"level":"INFO","message":"     data_received..................: 350 kB  10 kB/s","script":"search.js","time":"2026-04-14 10:33:00"}
{"level":"INFO","message":"     data_sent......................: 38 kB   1.1 kB/s","script":"search.js","time":"2026-04-14 10:33:00"}
{"level":"INFO","message":"     http_req_blocked...............: avg=52.18ms  min=83ns     med=625ns    max=832.09ms p(90)=1.35µs   p(95)=769.23ms","script":"search.js","time":"2026-04-14 10:33:00"}
{"level":"INFO","message":"     http_req_connecting............: avg=17.02ms  min=0s       med=0s       max=271.9ms  p(90)=0s       p(95)=250.16ms","script":"search.js","time":"2026-04-14 10:33:00"}
{"level":"INFO","message":"     http_req_duration..............: avg=542.77ms min=213.48ms med=306.23ms max=20.49s   p(90)=947ms    p(95)=1.13s   ","script":"search.js","time":"2026-04-14 10:33:00"}
{"level":"INFO","message":"       { expected_response:true }...: avg=542.77ms min=213.48ms med=306.23ms max=20.49s   p(90)=947ms    p(95)=1.13s   ","script":"search.js","time":"2026-04-14 10:33:00"}
{"level":"INFO","message":"     http_req_failed................: 0.00%   ✓ 0         ✗ 457 ","script":"search.js","time":"2026-04-14 10:33:00"}
{"level":"INFO","message":"     http_req_receiving.............: avg=12.48ms  min=12.54µs  med=75.33µs  max=886.29ms p(90)=788.25µs p(95)=2.28ms  ","script":"search.js","time":"2026-04-14 10:33:00"}
{"level":"INFO","message":"     http_req_sending...............: avg=112.75µs min=19.2µs   med=99.66µs  max=858.87µs p(90)=182.14µs p(95)=220.85µs","script":"search.js","time":"2026-04-14 10:33:00"}
{"level":"INFO","message":"     http_req_tls_handshaking.......: avg=33.88ms  min=0s       med=0s       max=540.8ms  p(90)=0s       p(95)=501.49ms","script":"search.js","time":"2026-04-14 10:33:00"}
{"level":"INFO","message":"     http_req_waiting...............: avg=530.17ms min=213.31ms med=303.02ms max=20.49s   p(90)=883.21ms p(95)=1.09s   ","script":"search.js","time":"2026-04-14 10:33:00"}
{"level":"INFO","message":"     http_reqs......................: 457     13.109393/s","script":"search.js","time":"2026-04-14 10:33:00"}
{"level":"INFO","message":"     iteration_duration.............: avg=1.09s    min=714.15ms med=822.95ms max=20.99s   p(90)=1.58s    p(95)=1.85s   ","script":"search.js","time":"2026-04-14 10:33:00"}
{"level":"INFO","message":"     iterations.....................: 457     13.109393/s","script":"search.js","time":"2026-04-14 10:33:00"}
{"level":"INFO","message":"     vus............................: 1       min=1       max=30","script":"search.js","time":"2026-04-14 10:33:00"}
{"level":"INFO","message":"     vus_max........................: 30      min=30      max=30","script":"search.js","time":"2026-04-14 10:33:00"}
{"level":"INFO","message":"running (34.9s), 00/30 VUs, 457 complete and 0 interrupted iterations","script":"search.js","time":"2026-04-14 10:33:00"}
{"level":"INFO","message":"default ✓ [ 100% ] 30 VUs  15s","script":"search.js","time":"2026-04-14 10:33:00"}
{"level":"INFO","message":"Execution completed","script":"search.js","time":"2026-04-14 10:33:02"}
{"level":"INFO","message":"Starting execution","script":"search.js","time":"2026-04-14 10:42:10"}
{"level":"INFO","message":"          /\\      |‾‾| /‾‾/   /‾‾/   ","script":"search.js","time":"2026-04-14 10:42:10"}
{"level":"INFO","message":"     /\\  /  \\     |  |/  /   /  /    ","script":"search.js","time":"2026-04-14 10:42:10"}
{"level":"INFO","message":"    /  \\/    \\    |     (   /   ‾‾\\  ","script":"search.js","time":"2026-04-14 10:42:10"}
{"level":"INFO","message":"   /          \\   |  |\\  \\ |  (‾)  | ","script":"search.js","time":"2026-04-14 10:42:10"}
{"level":"INFO","message":"  / __________ \\  |__| \\__\\ \\_____/ .io","script":"search.js","time":"2026-04-14 10:42:10"}
{"level":"INFO","message":"     execution: local","script":"search.js","time":"2026-04-14 10:42:10"}
{"level":"INFO","message":"        script: -","script":"search.js","time":"2026-04-14 10:42:10"}
{"level":"INFO","message":"        output: Prometheus remote write (http://prometheus:9090/api/v1/write)","script":"search.js","time":"2026-04-14 10:42:10"}
{"level":"INFO","message":"     scenarios: (100.00%) 1 scenario, 30 max VUs, 45s max duration (incl. graceful stop):","script":"search.js","time":"2026-04-14 10:42:10"}
{"level":"INFO","message":"              * default: 30 looping VUs for 15s (gracefulStop: 30s)","script":"search.js","time":"2026-04-14 10:42:10"}
{"level":"ERROR","message":"time=\"2026-04-14T10:42:10Z\" level=warning msg=\"Error from API server\" error=\"listen tcp 127.0.0.1:6565: bind: address already in use\"","script":"search.js","time":"2026-04-14 10:42:10"}
{"level":"INFO","message":"running (01.0s), 30/30 VUs, 0 complete and 0 interrupted iterations","script":"search.js","time":"2026-04-14 10:42:11"}
{"level":"INFO","message":"default   [   7% ] 30 VUs  01.0s/15s","script":"search.js","time":"2026-04-14 10:42:11"}
{"level":"INFO","message":"running (02.0s), 30/30 VUs, 26 complete and 0 interrupted iterations","script":"search.js","time":"2026-04-14 10:42:12"}
{"level":"INFO","message":"default   [  13% ] 30 VUs  02.0s/15s","script":"search.js","time":"2026-04-14 10:42:12"}
{"level":"INFO","message":"running (03.0s), 30/30 VUs, 56 complete and 0 interrupted iterations","script":"search.js","time":"2026-04-14 10:42:13"}
{"level":"INFO","message":"default   [  20% ] 30 VUs  03.0s/15s","script":"search.js","time":"2026-04-14 10:42:13"}
{"level":"INFO","message":"running (04.0s), 30/30 VUs, 97 complete and 0 interrupted iterations","script":"search.js","time":"2026-04-14 10:42:14"}
{"level":"INFO","message":"default   [  27% ] 30 VUs  04.0s/15s","script":"search.js","time":"2026-04-14 10:42:14"}
{"level":"INFO","message":"running (05.0s), 30/30 VUs, 129 complete and 0 interrupted iterations","script":"search.js","time":"2026-04-14 10:42:15"}
{"level":"INFO","message":"default   [  33% ] 30 VUs  05.0s/15s","script":"search.js","time":"2026-04-14 10:42:15"}
{"level":"ERROR","message":"time=\"2026-04-14T10:42:15Z\" level=error msg=\"Failed to send the time series data to the endpoint\" error=\"got status code: 404 instead expected a 2xx successful status code\" output=\"Prometheus remote write\"","script":"search.js","time":"2026-04-14 10:42:15"}
{"level":"INFO","message":"running (06.0s), 30/30 VUs, 155 complete and 0 interrupted iterations","script":"search.js","time":"2026-04-14 10:42:16"}
{"level":"INFO","message":"default   [  40% ] 30 VUs  06.0s/15s","script":"search.js","time":"2026-04-14 10:42:16"}
{"level":"INFO","message":"running (07.0s), 30/30 VUs, 192 complete and 0 interrupted iterations","script":"search.js","time":"2026-04-14 10:42:17"}
{"level":"INFO","message":"default   [  47% ] 30 VUs  07.0s/15s","script":"search.js","time":"2026-04-14 10:42:17"}
{"level":"INFO","message":"running (08.0s), 30/30 VUs, 216 complete and 0 interrupted iterations","script":"search.js","time":"2026-04-14 10:42:18"}
{"level":"INFO","message":"default   [  53% ] 30 VUs  08.0s/15s","script":"search.js","time":"2026-04-14 10:42:18"}
{"level":"INFO","message":"running (09.0s), 30/30 VUs, 239 complete and 0 interrupted iterations","script":"search.js","time":"2026-04-14 10:42:19"}
{"level":"INFO","message":"default   [  60% ] 30 VUs  09.0s/15s","script":"search.js","time":"2026-04-14 10:42:19"}
{"level":"INFO","message":"running (10.0s), 30/30 VUs, 259 complete and 0 interrupted iterations","script":"search.js","time":"2026-04-14 10:42:20"}
{"level":"INFO","message":"default   [  67% ] 30 VUs  10.0s/15s","script":"search.js","time":"2026-04-14 10:42:20"}
{"level":"ERROR","message":"time=\"2026-04-14T10:42:20Z\" level=error msg=\"Failed to send the time series data to the endpoint\" error=\"got status code: 404 instead expected a 2xx successful status code\" output=\"Prometheus remote write\"","script":"search.js","time":"2026-04-14 10:42:20"}
{"level":"INFO","message":"running (11.0s), 30/30 VUs, 277 complete and 0 interrupted iterations","script":"search.js","time":"2026-04-14 10:42:21"}
{"level":"INFO","message":"default   [  73% ] 30 VUs  11.0s/15s","script":"search.js","time":"2026-04-14 10:42:21"}
{"level":"INFO","message":"running (12.0s), 30/30 VUs, 296 complete and 0 interrupted iterations","script":"search.js","time":"2026-04-14 10:42:22"}
{"level":"INFO","message":"default   [  80% ] 30 VUs  12.0s/15s","script":"search.js","time":"2026-04-14 10:42:22"}
{"level":"INFO","message":"running (13.0s), 30/30 VUs, 316 complete and 0 interrupted iterations","script":"search.js","time":"2026-04-14 10:42:23"}
{"level":"INFO","message":"default   [  87% ] 30 VUs  13.0s/15s","script":"search.js","time":"2026-04-14 10:42:23"}
{"level":"INFO","message":"running (14.0s), 30/30 VUs, 339 complete and 0 interrupted iterations","script":"search.js","time":"2026-04-14 10:42:24"}
{"level":"INFO","message":"default   [  93% ] 30 VUs  14.0s/15s","script":"search.js","time":"2026-04-14 10:42:24"}
{"level":"INFO","message":"running (15.0s), 30/30 VUs, 366 complete and 0 interrupted iterations","script":"search.js","time":"2026-04-14 10:42:25"}
{"level":"INFO","message":"default ↓ [ 100% ] 30 VUs  15s","script":"search.js","time":"2026-04-14 10:42:25"}
{"level":"ERROR","message":"time=\"2026-04-14T10:42:25Z\" level=error msg=\"Failed to send the time series data to the endpoint\" error=\"got status code: 404 instead expected a 2xx successful status code\" output=\"Prometheus remote write\"","script":"search.js","time":"2026-04-14 10:42:25"}
{"level":"INFO","message":"running (16.0s), 05/30 VUs, 391 complete and 0 interrupted iterations","script":"search.js","time":"2026-04-14 10:42:26"}
{"level":"INFO","message":"default ↓ [ 100% ] 30 VUs  15s","script":"search.js","time":"2026-04-14 10:42:26"}
{"level":"INFO","message":"running (17.0s), 01/30 VUs, 395 complete and 0 interrupted iterations","script":"search.js","time":"2026-04-14 10:42:27"}
{"level":"INFO","message":"default ↓ [ 100% ] 30 VUs  15s","script":"search.js","time":"2026-04-14 10:42:27"}
{"level":"ERROR","message":"time=\"2026-04-14T10:42:28Z\" level=error msg=\"Failed to send the time series data to the endpoint\" error=\"got status code: 404 instead expected a 2xx successful status code\" output=\"Prometheus remote write\"","script":"search.js","time":"2026-04-14 10:42:28"}
{"level":"INFO","message":"     ✗ status is 200","script":"search.js","time":"2026-04-14 10:42:28"}
{"level":"INFO","message":"      ↳  99% — ✓ 395 / ✗ 1","script":"search.js","time":"2026-04-14 10:42:28"}
{"level":"INFO","message":"     checks.........................: 99.74% ✓ 395       ✗ 1   ","script":"search.js","time":"2026-04-14 10:42:28"}
{"level":"INFO","message":"     data_received..................: 321 kB 19 kB/s","script":"search.js","time":"2026-04-14 10:42:28"}
{"level":"INFO","message":"     data_sent......................: 35 kB  2.0 kB/s","script":"search.js","time":"2026-04-14 10:42:28"}
{"level":"INFO","message":"     http_req_blocked...............: avg=61.61ms  min=84ns     med=542ns    max=845.06ms p(90)=1.37µs   p(95)=814.62ms","script":"search.js","time":"2026-04-14 10:42:28"}
{"level":"INFO","message":"     http_req_connecting............: avg=20.05ms  min=0s       med=0s       max=274.94ms p(90)=0s       p(95)=263.36ms","script":"search.js","time":"2026-04-14 10:42:28"}
{"level":"INFO","message":"     http_req_duration..............: avg=623.04ms min=214.35ms med=288.55ms max=12.57s   p(90)=825.21ms p(95)=1.58s   ","script":"search.js","time":"2026-04-14 10:42:28"}
{"level":"INFO","message":"       { expected_response:true }...: avg=592.79ms min=214.35ms med=287.65ms max=6.92s    p(90)=823.13ms p(95)=1.47s   ","script":"search.js","time":"2026-04-14 10:42:28"}
{"level":"INFO","message":"     http_req_failed................: 0.25%  ✓ 1         ✗ 395 ","script":"search.js","time":"2026-04-14 10:42:28"}
{"level":"INFO","message":"     http_req_receiving.............: avg=1.99ms   min=13.5µs   med=135.68µs max=65.58ms  p(90)=6.27ms   p(95)=7.45ms  ","script":"search.js","time":"2026-04-14 10:42:28"}
{"level":"INFO","message":"     http_req_sending...............: avg=101.63µs min=23.08µs  med=92.2µs   max=1.59ms   p(90)=149.85µs p(95)=181.7µs ","script":"search.js","time":"2026-04-14 10:42:28"}
{"level":"INFO","message":"     http_req_tls_handshaking.......: avg=39.57ms  min=0s       med=0s       max=544.3ms  p(90)=0s       p(95)=525.45ms","script":"search.js","time":"2026-04-14 10:42:28"}
{"level":"INFO","message":"     http_req_waiting...............: avg=620.94ms min=213.92ms med=287.01ms max=12.57s   p(90)=824.67ms p(95)=1.58s   ","script":"search.js","time":"2026-04-14 10:42:28"}
{"level":"INFO","message":"     http_reqs......................: 396    22.869055/s","script":"search.js","time":"2026-04-14 10:42:28"}
{"level":"INFO","message":"     iteration_duration.............: avg=1.18s    min=715.77ms med=823.19ms max=13.9s    p(90)=1.6s     p(95)=2.08s   ","script":"search.js","time":"2026-04-14 10:42:28"}
{"level":"INFO","message":"     iterations.....................: 396    22.869055/s","script":"search.js","time":"2026-04-14 10:42:28"}
{"level":"INFO","message":"     vus............................: 1      min=1       max=30","script":"search.js","time":"2026-04-14 10:42:28"}
{"level":"INFO","message":"     vus_max........................: 30     min=30      max=30","script":"search.js","time":"2026-04-14 10:42:28"}
{"level":"INFO","message":"running (17.3s), 00/30 VUs, 396 complete and 0 interrupted iterations","script":"search.js","time":"2026-04-14 10:42:28"}
{"level":"INFO","message":"default ✓ [ 100% ] 30 VUs  15s","script":"search.js","time":"2026-04-14 10:42:28"}
{"level":"INFO","message":"Execution completed","script":"search.js","time":"2026-04-14 10:42:29"}
